2025-05-08 16:30:49::INFO::patching driver executable C:\Users\91771\appdata\roaming\undetected_chromedriver\undetected_chromedriver.exe
2025-05-08 16:30:52::INFO::****************Test_01_Admin_Login*******************
2025-05-08 16:30:52::INFO::****************Verification of admin login page title*******************
2025-05-08 16:30:54::INFO::**************test title verification title matched********************
2025-05-08 16:31:08::INFO::patching driver executable C:\Users\91771\appdata\roaming\undetected_chromedriver\undetected_chromedriver.exe
2025-05-08 16:31:10::INFO::***************test valid admin login started*******************
2025-05-08 16:31:26::INFO::***************dashboard test found****************
2025-05-08 16:31:40::INFO::patching driver executable C:\Users\91771\appdata\roaming\undetected_chromedriver\undetected_chromedriver.exe
2025-05-08 16:31:41::INFO::****************test_invalid_admin_login_started*****************
2025-05-08 16:31:45::INFO::****************invalid_login_admin_error_messages_matched*****************
2025-05-08 18:31:03::INFO::patching driver executable C:\Users\91771\appdata\roaming\undetected_chromedriver\undetected_chromedriver.exe
2025-05-08 18:31:05::INFO::****************Test_01_Admin_Login*******************
2025-05-08 18:31:05::INFO::****************Verification of admin login page title*******************
2025-05-08 18:31:08::INFO::**************test title verification title matched********************
2025-05-08 18:32:20::INFO::patching driver executable C:\Users\91771\appdata\roaming\undetected_chromedriver\undetected_chromedriver.exe
2025-05-08 18:32:21::INFO::***************test valid admin login started*******************
2025-05-08 18:32:35::INFO::***************dashboard text found****************
2025-05-08 18:33:08::INFO::patching driver executable C:\Users\91771\appdata\roaming\undetected_chromedriver\undetected_chromedriver.exe
2025-05-08 18:33:09::INFO::****************test_invalid_admin_login_started*****************
2025-05-08 18:33:13::INFO::****************invalid_login_admin_error_messages_matched*****************
2025-05-08 18:38:36::INFO::patching driver executable C:\Users\91771\appdata\roaming\undetected_chromedriver\undetected_chromedriver.exe
2025-05-08 18:38:37::INFO::****************Test_01_Admin_Login*******************
2025-05-08 18:38:37::INFO::****************Verification of admin login page title*******************
2025-05-08 18:38:39::INFO::**************test title verification title matched********************
2025-05-08 18:38:57::INFO::patching driver executable C:\Users\91771\appdata\roaming\undetected_chromedriver\undetected_chromedriver.exe
2025-05-08 18:38:58::INFO::***************test valid admin login started*******************
2025-05-08 18:39:07::INFO::***************dashboard text found****************
2025-05-08 18:39:26::INFO::patching driver executable C:\Users\91771\appdata\roaming\undetected_chromedriver\undetected_chromedriver.exe
2025-05-08 18:39:27::INFO::****************test_invalid_admin_login_started*****************
2025-05-08 18:44:57::INFO::patching driver executable C:\Users\91771\appdata\roaming\undetected_chromedriver\undetected_chromedriver.exe
2025-05-08 18:44:59::INFO::****************test_invalid_admin_login_started*****************
2025-05-08 18:45:04::INFO::****************invalid_login_admin_error_messages_matched*****************
2025-05-09 01:00:54::INFO::patching driver executable C:\Users\91771\appdata\roaming\undetected_chromedriver\undetected_chromedriver.exe
2025-05-09 01:00:56::INFO::****************test_invalid_admin_login_started*****************
2025-05-09 01:01:00::INFO::****************invalid_login_admin_error_messages_matched*****************
2025-05-09 01:01:36::INFO::patching driver executable C:\Users\91771\appdata\roaming\undetected_chromedriver\undetected_chromedriver.exe
2025-05-09 01:01:37::INFO::****************Test_01_Admin_Login*******************
2025-05-09 01:01:37::INFO::****************Verification of admin login page title*******************
2025-05-09 01:01:41::INFO::**************test title verification title matched********************
2025-05-09 01:01:45::INFO::patching driver executable C:\Users\91771\appdata\roaming\undetected_chromedriver\undetected_chromedriver.exe
2025-05-09 01:01:47::INFO::***************test valid admin login started*******************
2025-05-09 01:01:54::INFO::***************dashboard text found****************
2025-05-09 01:01:59::INFO::patching driver executable C:\Users\91771\appdata\roaming\undetected_chromedriver\undetected_chromedriver.exe
2025-05-09 01:02:01::INFO::****************test_invalid_admin_login_started*****************
2025-05-09 01:02:05::INFO::****************invalid_login_admin_error_messages_matched*****************
2025-05-09 01:03:18::INFO::patching driver executable C:\Users\91771\appdata\roaming\undetected_chromedriver\undetected_chromedriver.exe
2025-05-09 01:03:24::INFO::****************Test_01_Admin_Login*******************
2025-05-09 01:03:24::INFO::****************Verification of admin login page title*******************
2025-05-09 01:03:26::INFO::**************test title verification title matched********************
2025-05-09 01:03:37::INFO::patching driver executable C:\Users\91771\appdata\roaming\undetected_chromedriver\undetected_chromedriver.exe
2025-05-09 01:03:38::INFO::***************test valid admin login started*******************
2025-05-09 01:03:49::INFO::***************dashboard text found****************
2025-05-09 01:03:58::INFO::patching driver executable C:\Users\91771\appdata\roaming\undetected_chromedriver\undetected_chromedriver.exe
2025-05-09 01:03:59::INFO::****************test_invalid_admin_login_started*****************
2025-05-09 01:04:04::INFO::****************invalid_login_admin_error_messages_matched*****************
2025-05-09 01:19:11::INFO::patching driver executable C:\Users\91771\appdata\roaming\undetected_chromedriver\undetected_chromedriver.exe
2025-05-09 01:19:16::INFO::****************Test_01_Admin_Login*******************
2025-05-09 01:19:16::INFO::****************Verification of admin login page title*******************
2025-05-09 01:19:23::INFO::**************test title verification title matched********************
2025-05-09 01:19:33::INFO::patching driver executable C:\Users\91771\appdata\roaming\undetected_chromedriver\undetected_chromedriver.exe
2025-05-09 01:19:35::INFO::***************test valid admin login started*******************
2025-05-09 01:19:43::INFO::***************dashboard text found****************
2025-05-09 01:19:48::INFO::patching driver executable C:\Users\91771\appdata\roaming\undetected_chromedriver\undetected_chromedriver.exe
2025-05-09 01:19:50::INFO::****************test_invalid_admin_login_started*****************
2025-05-09 01:19:54::INFO::****************invalid_login_admin_error_messages_matched*****************
2025-05-09 11:56:53::INFO::patching driver executable C:\Users\91771\appdata\roaming\undetected_chromedriver\undetected_chromedriver.exe
2025-05-09 11:56:55::INFO::****************Test_01_Admin_Login*******************
2025-05-09 11:56:55::INFO::****************Verification of admin login page title*******************
2025-05-09 11:56:57::INFO::**************test title verification title matched********************
2025-05-10 22:51:36::INFO::patching driver executable C:\Users\91771\appdata\roaming\undetected_chromedriver\undetected_chromedriver.exe
2025-05-10 22:51:40::INFO::***************test valid admin login started*******************
2025-05-10 22:52:51::INFO::test data is passed
2025-05-10 22:53:05::INFO::test data is passed
2025-05-10 22:53:12::INFO::test data is passed
2025-05-10 22:53:12::INFO::Test admin data driven test is Passed
2025-05-11 00:45:31::INFO::patching driver executable C:\Users\91771\appdata\roaming\undetected_chromedriver\undetected_chromedriver.exe
2025-05-11 00:45:33::INFO::***************test valid admin login started*******************
2025-05-11 00:45:47::INFO::test data is passed
2025-05-11 00:45:55::INFO::test data is passed
2025-05-11 00:46:01::INFO::test data is passed
2025-05-11 00:46:01::INFO::Test admin data driven test is Passed
2025-05-11 13:59:19::INFO::patching driver executable C:\Users\91771\appdata\roaming\undetected_chromedriver\undetected_chromedriver.exe
2025-05-11 13:59:21::INFO::*************** Test_003_Add_New_Customer started ***************
2025-05-11 14:00:44::INFO::***************Login completed ***************
2025-05-11 14:00:44::INFO::***************starting add customer test ***************
2025-05-11 14:03:28::INFO::patching driver executable C:\Users\91771\appdata\roaming\undetected_chromedriver\undetected_chromedriver.exe
2025-05-11 14:03:29::INFO::*************** Test_003_Add_New_Customer started ***************
2025-05-11 14:03:52::INFO::***************Login completed ***************
2025-05-11 14:03:52::INFO::***************starting add customer test ***************
2025-05-11 14:03:55::INFO::***************Providing customer info started ***************
2025-05-11 14:25:39::INFO::patching driver executable C:\Users\91771\appdata\roaming\undetected_chromedriver\undetected_chromedriver.exe
2025-05-11 14:25:41::INFO::*************** Test_003_Add_New_Customer started ***************
2025-05-11 14:27:19::INFO::***************Login completed ***************
2025-05-11 14:27:19::INFO::***************starting add customer test ***************
2025-05-11 14:27:32::INFO::***************Providing customer info started ***************
2025-05-11 14:28:35::INFO::patching driver executable C:\Users\91771\appdata\roaming\undetected_chromedriver\undetected_chromedriver.exe
2025-05-11 14:28:37::INFO::*************** Test_003_Add_New_Customer started ***************
2025-05-11 14:29:47::INFO::***************Login completed ***************
2025-05-11 14:29:47::INFO::***************starting add customer test ***************
2025-05-11 14:30:33::INFO::***************Providing customer info started ***************
2025-05-11 15:42:02::INFO::patching driver executable C:\Users\91771\appdata\roaming\undetected_chromedriver\undetected_chromedriver.exe
2025-05-11 15:42:04::INFO::*************** Test_003_Add_New_Customer started ***************
2025-05-11 15:43:26::INFO::***************Login completed ***************
2025-05-11 15:43:26::INFO::***************starting add customer test ***************
2025-05-12 11:57:26::INFO::patching driver executable C:\Users\91771\appdata\roaming\undetected_chromedriver\undetected_chromedriver.exe
2025-05-12 11:57:28::INFO::*************** Test_003_Add_New_Customer started ***************
2025-05-12 11:59:08::INFO::***************Login completed ***************
2025-05-12 11:59:08::INFO::***************starting add customer test ***************
2025-05-12 11:59:22::INFO::***************Providing customer info started ***************
2025-05-12 12:01:47::INFO::patching driver executable C:\Users\91771\appdata\roaming\undetected_chromedriver\undetected_chromedriver.exe
2025-05-12 12:01:49::INFO::*************** Test_003_Add_New_Customer started ***************
2025-05-12 12:02:07::INFO::***************Login completed ***************
2025-05-12 12:02:07::INFO::***************starting add customer test ***************
2025-05-12 12:06:49::INFO::patching driver executable C:\Users\91771\appdata\roaming\undetected_chromedriver\undetected_chromedriver.exe
2025-05-12 12:06:52::INFO::*************** Test_003_Add_New_Customer started ***************
2025-05-12 12:07:04::INFO::***************Login completed ***************
2025-05-12 12:07:04::INFO::***************starting add customer test ***************
2025-05-12 12:08:25::INFO::patching driver executable C:\Users\91771\appdata\roaming\undetected_chromedriver\undetected_chromedriver.exe
2025-05-12 12:08:27::INFO::*************** Test_003_Add_New_Customer started ***************
2025-05-12 12:09:46::INFO::***************Login completed ***************
2025-05-12 12:09:46::INFO::***************starting add customer test ***************
2025-05-12 12:09:49::INFO::***************Providing customer info started ***************
2025-05-12 12:11:36::INFO::patching driver executable C:\Users\91771\appdata\roaming\undetected_chromedriver\undetected_chromedriver.exe
2025-05-12 12:11:38::INFO::*************** Test_003_Add_New_Customer started ***************
2025-05-12 12:11:49::INFO::***************Login completed ***************
2025-05-12 12:11:49::INFO::***************starting add customer test ***************
2025-05-12 12:19:46::INFO::patching driver executable C:\Users\91771\appdata\roaming\undetected_chromedriver\undetected_chromedriver.exe
2025-05-12 12:19:49::INFO::***********Test_03_Add_New_Customer started *************
2025-05-12 12:20:35::INFO::***********Login completed *************
2025-05-12 12:20:35::INFO::***********starting add customer test *************
2025-05-12 12:20:48::INFO::***********Providing customer info started *************
2025-05-12 12:23:21::INFO::patching driver executable C:\Users\91771\appdata\roaming\undetected_chromedriver\undetected_chromedriver.exe
2025-05-12 12:23:24::INFO::***********Test_03_Add_New_Customer started *************
2025-05-12 12:23:35::INFO::***********Login completed *************
2025-05-12 12:23:35::INFO::***********starting add customer test *************
2025-05-12 12:23:39::INFO::***********Providing customer info started *************
2025-05-12 12:42:31::INFO::patching driver executable C:\Users\91771\appdata\roaming\undetected_chromedriver\undetected_chromedriver.exe
2025-05-12 12:42:34::INFO::***********Test_03_Add_New_Customer started *************
2025-05-12 12:42:45::INFO::***********Login completed *************
2025-05-12 12:42:45::INFO::***********starting add customer test *************
2025-05-12 12:46:39::INFO::patching driver executable C:\Users\91771\appdata\roaming\undetected_chromedriver\undetected_chromedriver.exe
2025-05-12 12:46:41::INFO::***********Test_03_Add_New_Customer started *************
2025-05-12 12:46:52::INFO::***********Login completed *************
2025-05-12 12:46:52::INFO::***********starting add customer test *************
2025-05-12 12:48:58::INFO::patching driver executable C:\Users\91771\appdata\roaming\undetected_chromedriver\undetected_chromedriver.exe
2025-05-12 12:49:00::INFO::***********Test_03_Add_New_Customer started *************
2025-05-12 12:49:20::INFO::***********Login completed *************
2025-05-12 12:49:20::INFO::***********starting add customer test *************
2025-05-12 12:49:24::INFO::***********Providing customer info started *************
2025-05-12 12:56:33::INFO::patching driver executable C:\Users\91771\appdata\roaming\undetected_chromedriver\undetected_chromedriver.exe
2025-05-12 12:56:36::INFO::***********Test_03_Add_New_Customer started *************
2025-05-12 12:57:58::INFO::***********Login completed *************
2025-05-12 12:57:58::INFO::***********starting add customer test *************
2025-05-12 12:58:03::INFO::***********Providing customer info started *************
2025-05-12 13:14:30::INFO::patching driver executable C:\Users\91771\appdata\roaming\undetected_chromedriver\undetected_chromedriver.exe
2025-05-12 13:14:32::INFO::***********Test_03_Add_New_Customer started *************
2025-05-12 13:14:57::INFO::***********Login completed *************
2025-05-12 13:14:57::INFO::***********starting add customer test *************
2025-05-12 13:15:20::INFO::***********Providing customer info started *************
2025-05-12 13:17:10::INFO::patching driver executable C:\Users\91771\appdata\roaming\undetected_chromedriver\undetected_chromedriver.exe
2025-05-12 13:17:12::INFO::***********Test_03_Add_New_Customer started *************
2025-05-12 13:18:03::INFO::***********Login completed *************
2025-05-12 13:18:03::INFO::***********starting add customer test *************
2025-05-12 13:18:21::INFO::***********Providing customer info started *************
2025-05-12 13:40:41::INFO::patching driver executable C:\Users\91771\appdata\roaming\undetected_chromedriver\undetected_chromedriver.exe
2025-05-12 13:40:42::INFO::***********Test_03_Add_New_Customer started *************
2025-05-12 13:41:02::INFO::***********Login completed *************
2025-05-12 13:41:02::INFO::***********starting add customer test *************
2025-05-12 13:42:48::INFO::patching driver executable C:\Users\91771\appdata\roaming\undetected_chromedriver\undetected_chromedriver.exe
2025-05-12 13:42:50::INFO::***********Test_03_Add_New_Customer started *************
2025-05-12 13:44:06::INFO::***********Login completed *************
2025-05-12 13:44:06::INFO::***********starting add customer test *************
2025-05-12 13:44:10::INFO::***********Providing customer info started *************
2025-05-12 13:45:24::INFO::patching driver executable C:\Users\91771\appdata\roaming\undetected_chromedriver\undetected_chromedriver.exe
2025-05-12 13:45:25::INFO::***********Test_03_Add_New_Customer started *************
2025-05-12 13:47:07::INFO::***********Login completed *************
2025-05-12 13:47:07::INFO::***********starting add customer test *************
2025-05-12 13:47:32::INFO::***********Providing customer info started *************
2025-05-12 15:33:47::INFO::patching driver executable C:\Users\91771\appdata\roaming\undetected_chromedriver\undetected_chromedriver.exe
2025-05-12 15:33:50::INFO::***********Test_03_Add_New_Customer started *************
2025-05-12 15:34:38::INFO::***********Login completed *************
2025-05-12 15:34:38::INFO::***********starting add customer test *************
2025-05-12 15:34:47::INFO::***********Providing customer info started *************
2025-05-12 15:41:30::INFO::patching driver executable C:\Users\91771\appdata\roaming\undetected_chromedriver\undetected_chromedriver.exe
2025-05-12 15:41:32::INFO::***********Test_03_Add_New_Customer started *************
2025-05-12 15:43:36::INFO::***********Login completed *************
2025-05-12 15:43:36::INFO::***********starting add customer test *************
2025-05-12 15:43:41::INFO::***********Providing customer info started *************
2025-05-12 15:55:24::INFO::patching driver executable C:\Users\91771\appdata\roaming\undetected_chromedriver\undetected_chromedriver.exe
2025-05-12 15:55:27::INFO::***********Test_03_Add_New_Customer started *************
2025-05-12 15:56:05::INFO::***********Login completed *************
2025-05-12 15:56:05::INFO::***********starting add customer test *************
2025-05-12 15:56:15::INFO::***********Providing customer info started *************
2025-05-12 15:57:48::INFO::patching driver executable C:\Users\91771\appdata\roaming\undetected_chromedriver\undetected_chromedriver.exe
2025-05-12 15:57:49::INFO::***********Test_03_Add_New_Customer started *************
2025-05-12 15:59:10::INFO::***********Login completed *************
2025-05-12 15:59:10::INFO::***********starting add customer test *************
2025-05-12 16:01:32::INFO::***********Providing customer info started *************
2025-05-12 16:35:20::INFO::patching driver executable C:\Users\91771\appdata\roaming\undetected_chromedriver\undetected_chromedriver.exe
2025-05-12 16:35:24::INFO::***********Test_03_Add_New_Customer started *************
2025-05-12 16:35:42::INFO::***********Login completed *************
2025-05-12 16:35:42::INFO::***********starting add customer test *************
2025-05-12 16:35:47::INFO::***********Providing customer info started *************
2025-05-12 16:46:57::INFO::patching driver executable C:\Users\91771\appdata\roaming\undetected_chromedriver\undetected_chromedriver.exe
2025-05-12 16:47:00::INFO::***********Test_03_Add_New_Customer started *************
2025-05-12 16:47:17::INFO::***********Login completed *************
2025-05-12 16:47:17::INFO::***********starting add customer test *************
2025-05-12 16:47:25::INFO::***********Providing customer info started *************
2025-05-12 16:48:57::INFO::patching driver executable C:\Users\91771\appdata\roaming\undetected_chromedriver\undetected_chromedriver.exe
2025-05-12 16:48:58::INFO::***********Test_03_Add_New_Customer started *************
2025-05-12 16:49:12::INFO::***********Login completed *************
2025-05-12 16:49:12::INFO::***********starting add customer test *************
2025-05-12 16:55:53::INFO::patching driver executable C:\Users\91771\appdata\roaming\undetected_chromedriver\undetected_chromedriver.exe
2025-05-12 16:55:54::INFO::***********Test_03_Add_New_Customer started *************
2025-05-12 16:56:04::INFO::***********Login completed *************
2025-05-12 16:56:04::INFO::***********starting add customer test *************
2025-05-12 17:00:40::INFO::patching driver executable C:\Users\91771\appdata\roaming\undetected_chromedriver\undetected_chromedriver.exe
2025-05-12 17:00:41::INFO::***********Test_03_Add_New_Customer started *************
2025-05-12 17:00:53::INFO::***********Login completed *************
2025-05-12 17:00:53::INFO::***********starting add customer test *************
2025-05-12 17:05:47::INFO::patching driver executable C:\Users\91771\appdata\roaming\undetected_chromedriver\undetected_chromedriver.exe
2025-05-12 17:05:49::INFO::***********Test_03_Add_New_Customer started *************
2025-05-12 17:06:05::INFO::***********Login completed *************
2025-05-12 17:06:05::INFO::***********starting add customer test *************
2025-05-12 17:06:08::INFO::***********Providing customer info started *************
2025-05-12 17:07:43::INFO::patching driver executable C:\Users\91771\appdata\roaming\undetected_chromedriver\undetected_chromedriver.exe
2025-05-12 17:07:45::INFO::***********Test_03_Add_New_Customer started *************
2025-05-12 17:09:10::INFO::***********Login completed *************
2025-05-12 17:09:10::INFO::***********starting add customer test *************
2025-05-12 17:09:14::INFO::***********Providing customer info started *************
2025-05-12 17:38:52::INFO::patching driver executable C:\Users\91771\appdata\roaming\undetected_chromedriver\undetected_chromedriver.exe
2025-05-12 17:38:54::INFO::***********Test_03_Add_New_Customer started *************
2025-05-12 17:39:08::INFO::***********Login completed *************
2025-05-12 17:39:08::INFO::***********starting add customer test *************
2025-05-12 17:40:23::INFO::patching driver executable C:\Users\91771\appdata\roaming\undetected_chromedriver\undetected_chromedriver.exe
2025-05-12 17:40:25::INFO::***********Test_03_Add_New_Customer started *************
2025-05-12 17:40:42::INFO::***********Login completed *************
2025-05-12 17:40:42::INFO::***********starting add customer test *************
2025-05-12 17:47:15::INFO::patching driver executable C:\Users\91771\appdata\roaming\undetected_chromedriver\undetected_chromedriver.exe
2025-05-12 17:47:17::INFO::***********Test_03_Add_New_Customer started *************
2025-05-12 17:47:27::INFO::***********Login completed *************
2025-05-12 17:47:27::INFO::***********starting add customer test *************
2025-05-12 17:48:36::INFO::patching driver executable C:\Users\91771\appdata\roaming\undetected_chromedriver\undetected_chromedriver.exe
2025-05-12 17:48:38::INFO::***********Test_03_Add_New_Customer started *************
2025-05-12 17:48:48::INFO::***********Login completed *************
2025-05-12 17:48:48::INFO::***********starting add customer test *************
2025-05-12 17:52:55::INFO::patching driver executable C:\Users\91771\appdata\roaming\undetected_chromedriver\undetected_chromedriver.exe
2025-05-12 17:52:57::INFO::***********Test_03_Add_New_Customer started *************
2025-05-12 17:53:08::INFO::***********Login completed *************
2025-05-12 17:53:08::INFO::***********starting add customer test *************
2025-05-12 17:55:32::INFO::patching driver executable C:\Users\91771\appdata\roaming\undetected_chromedriver\undetected_chromedriver.exe
2025-05-12 17:55:36::INFO::***********Test_03_Add_New_Customer started *************
2025-05-12 17:55:46::INFO::***********Login completed *************
2025-05-12 17:55:46::INFO::***********starting add customer test *************
2025-05-12 18:03:19::INFO::patching driver executable C:\Users\91771\appdata\roaming\undetected_chromedriver\undetected_chromedriver.exe
2025-05-12 18:03:22::INFO::***********Test_03_Add_New_Customer started *************
2025-05-12 18:03:35::INFO::***********Login completed *************
2025-05-12 18:03:35::INFO::***********starting add customer test *************
2025-05-12 18:03:39::INFO::***********Providing customer info started *************
2025-05-12 18:11:30::INFO::patching driver executable C:\Users\91771\appdata\roaming\undetected_chromedriver\undetected_chromedriver.exe
2025-05-12 18:11:33::INFO::***********Test_03_Add_New_Customer started *************
2025-05-12 18:11:48::INFO::***********Login completed *************
2025-05-12 18:11:48::INFO::***********starting add customer test *************
2025-05-12 18:11:52::INFO::***********Providing customer info started *************
2025-05-12 18:11:58::INFO::***********Test_03_Add_New_Customer test passed *************
2025-05-12 18:14:00::INFO::patching driver executable C:\Users\91771\appdata\roaming\undetected_chromedriver\undetected_chromedriver.exe
2025-05-12 18:14:03::INFO::***********Test_03_Add_New_Customer started *************
2025-05-12 18:14:27::INFO::***********Login completed *************
2025-05-12 18:14:27::INFO::***********starting add customer test *************
2025-05-12 18:14:35::INFO::***********Providing customer info started *************
2025-05-12 18:14:40::INFO::***********Test_03_Add_New_Customer test passed *************
2025-05-12 18:15:26::INFO::patching driver executable C:\Users\91771\appdata\roaming\undetected_chromedriver\undetected_chromedriver.exe
2025-05-12 18:15:28::INFO::***********Test_03_Add_New_Customer started *************
2025-05-12 18:15:38::INFO::***********Login completed *************
2025-05-12 18:15:38::INFO::***********starting add customer test *************
2025-05-12 18:16:19::INFO::patching driver executable C:\Users\91771\appdata\roaming\undetected_chromedriver\undetected_chromedriver.exe
2025-05-12 18:16:20::INFO::***********Test_03_Add_New_Customer started *************
2025-05-12 18:16:32::INFO::***********Login completed *************
2025-05-12 18:16:32::INFO::***********starting add customer test *************
2025-05-12 18:18:44::INFO::patching driver executable C:\Users\91771\appdata\roaming\undetected_chromedriver\undetected_chromedriver.exe
2025-05-12 18:18:46::INFO::***********Test_03_Add_New_Customer started *************
2025-05-12 18:19:02::INFO::***********Login completed *************
2025-05-12 18:19:02::INFO::***********starting add customer test *************
2025-05-12 18:19:06::INFO::***********Providing customer info started *************
2025-05-12 18:19:11::INFO::***********Test_03_Add_New_Customer test passed *************
2025-05-12 18:20:00::INFO::patching driver executable C:\Users\91771\appdata\roaming\undetected_chromedriver\undetected_chromedriver.exe
2025-05-12 18:20:02::INFO::***********Test_03_Add_New_Customer started *************
2025-05-12 18:20:14::INFO::***********Login completed *************
2025-05-12 18:20:14::INFO::***********starting add customer test *************
2025-05-12 23:56:18::INFO::patching driver executable C:\Users\91771\appdata\roaming\undetected_chromedriver\undetected_chromedriver.exe
2025-05-12 23:56:21::INFO::***********Test_03_Add_New_Customer started *************
2025-05-12 23:56:30::INFO::***********Login completed *************
2025-05-12 23:56:30::INFO::***********starting add customer test *************
2025-05-12 23:57:14::INFO::patching driver executable C:\Users\91771\appdata\roaming\undetected_chromedriver\undetected_chromedriver.exe
2025-05-12 23:57:16::INFO::***********Test_03_Add_New_Customer started *************
2025-05-12 23:57:26::INFO::***********Login completed *************
2025-05-12 23:57:26::INFO::***********starting add customer test *************
2025-05-12 23:58:08::INFO::patching driver executable C:\Users\91771\appdata\roaming\undetected_chromedriver\undetected_chromedriver.exe
2025-05-12 23:58:11::INFO::***********Test_03_Add_New_Customer started *************
2025-05-12 23:58:53::INFO::***********Login completed *************
2025-05-12 23:58:53::INFO::***********starting add customer test *************
2025-05-12 23:59:09::INFO::***********Providing customer info started *************
2025-05-12 23:59:45::INFO::patching driver executable C:\Users\91771\appdata\roaming\undetected_chromedriver\undetected_chromedriver.exe
2025-05-12 23:59:47::INFO::***********Test_03_Add_New_Customer started *************
2025-05-13 00:00:02::INFO::***********Login completed *************
2025-05-13 00:00:02::INFO::***********starting add customer test *************
2025-05-13 00:00:41::INFO::patching driver executable C:\Users\91771\appdata\roaming\undetected_chromedriver\undetected_chromedriver.exe
2025-05-13 00:00:43::INFO::***********Test_03_Add_New_Customer started *************
2025-05-13 00:01:24::INFO::***********Login completed *************
2025-05-13 00:01:24::INFO::***********starting add customer test *************
2025-05-13 00:01:34::INFO::***********Providing customer info started *************
2025-05-13 00:01:48::INFO::***********Test_03_Add_New_Customer test passed *************
2025-05-13 00:03:08::INFO::patching driver executable C:\Users\91771\appdata\roaming\undetected_chromedriver\undetected_chromedriver.exe
2025-05-13 00:03:10::INFO::***********Test_03_Add_New_Customer started *************
2025-05-13 00:04:15::INFO::***********Login completed *************
2025-05-13 00:04:15::INFO::***********starting add customer test *************
2025-05-13 00:04:54::INFO::patching driver executable C:\Users\91771\appdata\roaming\undetected_chromedriver\undetected_chromedriver.exe
2025-05-13 00:04:57::INFO::***********Test_03_Add_New_Customer started *************
2025-05-13 00:05:54::INFO::***********Login completed *************
2025-05-13 00:05:54::INFO::***********starting add customer test *************
2025-05-13 00:06:52::INFO::***********Providing customer info started *************
2025-05-13 13:35:43::INFO::patching driver executable C:\Users\91771\appdata\roaming\undetected_chromedriver\undetected_chromedriver.exe
2025-05-13 13:35:44::INFO::***********Test_03_Add_New_Customer started *************
2025-05-13 13:35:56::INFO::***********Login completed *************
2025-05-13 13:35:56::INFO::***********starting add customer test *************
2025-05-13 13:36:42::INFO::patching driver executable C:\Users\91771\appdata\roaming\undetected_chromedriver\undetected_chromedriver.exe
2025-05-13 13:36:45::INFO::***********Test_03_Add_New_Customer started *************
2025-05-13 13:37:05::INFO::***********Login completed *************
2025-05-13 13:37:05::INFO::***********starting add customer test *************
2025-05-13 14:41:58::INFO::patching driver executable C:\Users\91771\appdata\roaming\undetected_chromedriver\undetected_chromedriver.exe
2025-05-13 14:41:59::INFO::***********Test_03_Add_New_Customer started *************
2025-05-13 14:42:44::INFO::***********Login completed *************
2025-05-13 14:42:44::INFO::***********starting add customer test *************
2025-05-13 14:44:16::INFO::***********Providing customer info started *************
2025-05-13 14:44:41::INFO::***********Test_03_Add_New_Customer test passed *************
2025-05-13 14:46:26::INFO::patching driver executable C:\Users\91771\appdata\roaming\undetected_chromedriver\undetected_chromedriver.exe
2025-05-13 14:46:28::INFO::**********Test_04_001_Search_Customer with email started **********
2025-05-13 14:46:56::INFO::************Login completed************
2025-05-13 14:46:56::INFO::************navigating to customer search page************
2025-05-13 14:46:59::INFO::************ starting searching customer by email ************
2025-05-13 14:47:02::INFO::************Test_04_Search_customer by email test passed************
2025-05-13 14:47:11::INFO::patching driver executable C:\Users\91771\appdata\roaming\undetected_chromedriver\undetected_chromedriver.exe
2025-05-13 14:47:12::INFO::************Test_04_002_Search_Customer with name started************
2025-05-13 14:47:24::INFO::************Login completed************
2025-05-13 14:47:24::INFO::************navigating to customer search page************
2025-05-13 14:47:48::INFO::patching driver executable C:\Users\91771\appdata\roaming\undetected_chromedriver\undetected_chromedriver.exe
2025-05-13 14:47:49::INFO::************Test_04_003_Search_Customer with company name started************
2025-05-13 14:48:15::INFO::************Login completed************
2025-05-13 14:48:15::INFO::************navigating to customer search page************
2025-05-13 14:48:21::INFO::************ starting search customer by company name ************
2025-05-13 16:08:50::INFO::patching driver executable C:\Users\91771\appdata\roaming\undetected_chromedriver\undetected_chromedriver.exe
2025-05-13 16:08:57::INFO::************Test_04_003_Search_Customer with company name started************
2025-05-13 16:09:03::INFO::************Login completed************
2025-05-13 16:09:03::INFO::************navigating to customer search page************
2025-05-13 16:09:48::INFO::patching driver executable C:\Users\91771\appdata\roaming\undetected_chromedriver\undetected_chromedriver.exe
2025-05-13 16:09:49::INFO::***********Test_03_Add_New_Customer started *************
2025-05-13 16:11:16::INFO::***********Login completed *************
2025-05-13 16:11:16::INFO::***********starting add customer test *************
2025-05-13 16:11:59::INFO::patching driver executable C:\Users\91771\appdata\roaming\undetected_chromedriver\undetected_chromedriver.exe
2025-05-13 16:12:01::INFO::***********Test_03_Add_New_Customer started *************
2025-05-13 16:12:07::INFO::***********Login completed *************
2025-05-13 16:12:07::INFO::***********starting add customer test *************
2025-05-13 16:13:09::INFO::patching driver executable C:\Users\91771\appdata\roaming\undetected_chromedriver\undetected_chromedriver.exe
2025-05-13 16:13:10::INFO::***********Test_03_Add_New_Customer started *************
2025-05-13 16:13:18::INFO::***********Login completed *************
2025-05-13 16:13:18::INFO::***********starting add customer test *************
2025-05-13 16:13:53::INFO::patching driver executable C:\Users\91771\appdata\roaming\undetected_chromedriver\undetected_chromedriver.exe
2025-05-13 16:13:55::INFO::***********Test_03_Add_New_Customer started *************
2025-05-13 16:15:50::INFO::***********Login completed *************
2025-05-13 16:15:50::INFO::***********starting add customer test *************
2025-05-13 16:18:08::INFO::patching driver executable C:\Users\91771\appdata\roaming\undetected_chromedriver\undetected_chromedriver.exe
2025-05-13 16:18:10::INFO::**********Test_04_001_Search_Customer with email started **********
2025-05-13 16:20:00::INFO::************Login completed************
2025-05-13 16:20:00::INFO::************navigating to customer search page************
2025-05-13 16:20:12::INFO::************ starting searching customer by email ************
2025-05-13 16:20:35::INFO::************Test_04_Search_customer by email test failed************
2025-05-13 16:20:39::INFO::patching driver executable C:\Users\91771\appdata\roaming\undetected_chromedriver\undetected_chromedriver.exe
2025-05-13 16:20:40::INFO::************Test_04_002_Search_Customer with name started************
2025-05-13 16:20:50::INFO::************Login completed************
2025-05-13 16:20:50::INFO::************navigating to customer search page************
2025-05-13 16:21:14::INFO::patching driver executable C:\Users\91771\appdata\roaming\undetected_chromedriver\undetected_chromedriver.exe
2025-05-13 16:21:15::INFO::************Test_04_003_Search_Customer with company name started************
2025-05-13 16:21:26::INFO::************Login completed************
2025-05-13 16:21:26::INFO::************navigating to customer search page************
2025-05-13 16:22:05::INFO::patching driver executable C:\Users\91771\appdata\roaming\undetected_chromedriver\undetected_chromedriver.exe
2025-05-13 16:22:06::INFO::**********Test_04_001_Search_Customer with email started **********
2025-05-13 16:22:52::INFO::************Login completed************
2025-05-13 16:22:52::INFO::************navigating to customer search page************
2025-05-13 16:23:45::INFO::************ starting searching customer by email ************
2025-05-13 16:24:08::INFO::************Test_04_Search_customer by email test failed************
2025-05-13 16:24:18::INFO::patching driver executable C:\Users\91771\appdata\roaming\undetected_chromedriver\undetected_chromedriver.exe
2025-05-13 16:24:19::INFO::************Test_04_002_Search_Customer with name started************
2025-05-13 16:26:25::INFO::************Login completed************
2025-05-13 16:26:25::INFO::************navigating to customer search page************
2025-05-13 16:26:47::INFO::************ starting search customer by name************
2025-05-13 16:26:57::INFO::************Test_04_002_Search_customer by name test passed************
2025-05-13 16:27:01::INFO::patching driver executable C:\Users\91771\appdata\roaming\undetected_chromedriver\undetected_chromedriver.exe
2025-05-13 16:27:02::INFO::************Test_04_003_Search_Customer with company name started************
2025-05-13 16:27:04::INFO::************Login completed************
2025-05-13 16:27:04::INFO::************navigating to customer search page************
2025-05-13 16:27:13::INFO::************ starting search customer by company name ************
2025-05-13 16:28:03::INFO::patching driver executable C:\Users\91771\appdata\roaming\undetected_chromedriver\undetected_chromedriver.exe
2025-05-13 16:28:05::INFO::**********Test_04_001_Search_Customer with email started **********
2025-05-13 16:28:50::INFO::************Login completed************
2025-05-13 16:28:50::INFO::************navigating to customer search page************
2025-05-13 16:29:15::INFO::patching driver executable C:\Users\91771\appdata\roaming\undetected_chromedriver\undetected_chromedriver.exe
2025-05-13 16:29:16::INFO::************Test_04_002_Search_Customer with name started************
2025-05-13 16:29:26::INFO::************Login completed************
2025-05-13 16:29:26::INFO::************navigating to customer search page************
2025-05-13 16:29:50::INFO::patching driver executable C:\Users\91771\appdata\roaming\undetected_chromedriver\undetected_chromedriver.exe
2025-05-13 16:29:51::INFO::************Test_04_003_Search_Customer with company name started************
2025-05-13 16:30:04::INFO::************Login completed************
2025-05-13 16:30:04::INFO::************navigating to customer search page************
2025-05-13 16:33:57::INFO::patching driver executable C:\Users\91771\appdata\roaming\undetected_chromedriver\undetected_chromedriver.exe
2025-05-13 16:33:59::INFO::**********Test_04_001_Search_Customer with email started **********
2025-05-13 16:34:20::INFO::************Login completed************
2025-05-13 16:34:20::INFO::************navigating to customer search page************
2025-05-13 16:34:46::INFO::patching driver executable C:\Users\91771\appdata\roaming\undetected_chromedriver\undetected_chromedriver.exe
2025-05-13 16:34:48::INFO::************Test_04_002_Search_Customer with name started************
2025-05-13 16:35:05::INFO::************Login completed************
2025-05-13 16:35:05::INFO::************navigating to customer search page************
2025-05-13 16:35:38::INFO::patching driver executable C:\Users\91771\appdata\roaming\undetected_chromedriver\undetected_chromedriver.exe
2025-05-13 16:35:39::INFO::************Test_04_003_Search_Customer with company name started************
2025-05-13 16:35:56::INFO::************Login completed************
2025-05-13 16:35:56::INFO::************navigating to customer search page************
2025-05-13 16:36:46::INFO::patching driver executable C:\Users\91771\appdata\roaming\undetected_chromedriver\undetected_chromedriver.exe
2025-05-13 16:36:47::INFO::**********Test_04_001_Search_Customer with email started **********
2025-05-13 16:36:55::INFO::************Login completed************
2025-05-13 16:36:55::INFO::************navigating to customer search page************
2025-05-13 16:37:20::INFO::patching driver executable C:\Users\91771\appdata\roaming\undetected_chromedriver\undetected_chromedriver.exe
2025-05-13 16:37:22::INFO::************Test_04_002_Search_Customer with name started************
2025-05-13 16:37:29::INFO::************Login completed************
2025-05-13 16:37:29::INFO::************navigating to customer search page************
2025-05-13 16:37:30::INFO::************ starting search customer by name************
2025-05-13 16:37:34::INFO::************Test_04_002_Search_customer by name test passed************
2025-05-13 16:37:38::INFO::patching driver executable C:\Users\91771\appdata\roaming\undetected_chromedriver\undetected_chromedriver.exe
2025-05-13 16:37:39::INFO::************Test_04_003_Search_Customer with company name started************
2025-05-13 16:39:24::INFO::************Login completed************
2025-05-13 16:39:24::INFO::************navigating to customer search page************
2025-05-13 16:39:28::INFO::************ starting search customer by company name ************
2025-05-13 17:28:39::INFO::patching driver executable C:\Users\91771\appdata\roaming\undetected_chromedriver\undetected_chromedriver.exe
2025-05-13 17:28:42::INFO::**********Test_04_001_Search_Customer with email started **********
2025-05-13 17:28:51::INFO::************Login completed************
2025-05-13 17:28:51::INFO::************navigating to customer search page************
2025-05-13 17:29:20::INFO::patching driver executable C:\Users\91771\appdata\roaming\undetected_chromedriver\undetected_chromedriver.exe
2025-05-13 17:29:22::INFO::************Test_04_002_Search_Customer with name started************
2025-05-13 17:29:29::INFO::************Login completed************
2025-05-13 17:29:29::INFO::************navigating to customer search page************
2025-05-13 17:29:58::INFO::patching driver executable C:\Users\91771\appdata\roaming\undetected_chromedriver\undetected_chromedriver.exe
2025-05-13 17:30:01::INFO::************Test_04_003_Search_Customer with company name started************
2025-05-13 17:30:10::INFO::************Login completed************
2025-05-13 17:30:10::INFO::************navigating to customer search page************
2025-05-13 17:30:50::INFO::patching driver executable C:\Users\91771\appdata\roaming\undetected_chromedriver\undetected_chromedriver.exe
2025-05-13 17:30:52::INFO::**********Test_04_001_Search_Customer with email started **********
2025-05-13 17:31:03::INFO::************Login completed************
2025-05-13 17:31:03::INFO::************navigating to customer search page************
2025-05-13 17:31:05::INFO::************ starting searching customer by email ************
2025-05-13 17:31:08::INFO::************Test_04_Search_customer by email test passed************
2025-05-13 17:31:17::INFO::patching driver executable C:\Users\91771\appdata\roaming\undetected_chromedriver\undetected_chromedriver.exe
2025-05-13 17:31:19::INFO::************Test_04_002_Search_Customer with name started************
2025-05-13 17:31:31::INFO::************Login completed************
2025-05-13 17:31:31::INFO::************navigating to customer search page************
2025-05-13 17:31:34::INFO::************ starting search customer by name************
2025-05-13 17:31:38::INFO::************Test_04_002_Search_customer by name test passed************
2025-05-13 17:31:44::INFO::patching driver executable C:\Users\91771\appdata\roaming\undetected_chromedriver\undetected_chromedriver.exe
2025-05-13 17:31:46::INFO::************Test_04_003_Search_Customer with company name started************
2025-05-13 17:31:54::INFO::************Login completed************
2025-05-13 17:31:54::INFO::************navigating to customer search page************
2025-05-13 17:35:58::INFO::patching driver executable C:\Users\91771\appdata\roaming\undetected_chromedriver\undetected_chromedriver.exe
2025-05-13 17:36:01::INFO::**********Test_04_001_Search_Customer with email started **********
2025-05-13 17:36:11::INFO::************Login completed************
2025-05-13 17:36:11::INFO::************navigating to customer search page************
2025-05-13 17:36:38::INFO::patching driver executable C:\Users\91771\appdata\roaming\undetected_chromedriver\undetected_chromedriver.exe
2025-05-13 17:36:40::INFO::************Test_04_002_Search_Customer with name started************
2025-05-13 17:36:44::INFO::************Login completed************
2025-05-13 17:36:44::INFO::************navigating to customer search page************
2025-05-13 17:36:48::INFO::patching driver executable C:\Users\91771\appdata\roaming\undetected_chromedriver\undetected_chromedriver.exe
2025-05-13 17:37:15::INFO::patching driver executable C:\Users\91771\appdata\roaming\undetected_chromedriver\undetected_chromedriver.exe
2025-05-13 17:37:17::INFO::**********Test_04_001_Search_Customer with email started **********
2025-05-13 17:37:26::INFO::************Login completed************
2025-05-13 17:37:26::INFO::************navigating to customer search page************
2025-05-13 17:37:57::INFO::patching driver executable C:\Users\91771\appdata\roaming\undetected_chromedriver\undetected_chromedriver.exe
2025-05-13 17:37:59::INFO::************Test_04_002_Search_Customer with name started************
2025-05-13 17:38:05::INFO::************Login completed************
2025-05-13 17:38:05::INFO::************navigating to customer search page************
2025-05-13 17:40:40::INFO::patching driver executable C:\Users\91771\appdata\roaming\undetected_chromedriver\undetected_chromedriver.exe
2025-05-13 17:40:42::INFO::**********Test_04_001_Search_Customer with email started **********
2025-05-13 17:40:51::INFO::************Login completed************
2025-05-13 17:40:51::INFO::************navigating to customer search page************
2025-05-13 17:41:19::INFO::patching driver executable C:\Users\91771\appdata\roaming\undetected_chromedriver\undetected_chromedriver.exe
2025-05-13 17:41:21::INFO::************Test_04_002_Search_Customer with name started************
2025-05-13 17:41:29::INFO::************Login completed************
2025-05-13 17:41:29::INFO::************navigating to customer search page************
2025-05-13 17:42:31::INFO::patching driver executable C:\Users\91771\appdata\roaming\undetected_chromedriver\undetected_chromedriver.exe
2025-05-13 17:42:33::INFO::**********Test_04_001_Search_Customer with email started **********
2025-05-13 17:42:50::INFO::************Login completed************
2025-05-13 17:42:50::INFO::************navigating to customer search page************
2025-05-13 17:43:20::INFO::patching driver executable C:\Users\91771\appdata\roaming\undetected_chromedriver\undetected_chromedriver.exe
2025-05-13 17:43:22::INFO::************Test_04_002_Search_Customer with name started************
2025-05-13 17:43:28::INFO::************Login completed************
2025-05-13 17:43:28::INFO::************navigating to customer search page************
2025-05-13 17:44:23::INFO::patching driver executable C:\Users\91771\appdata\roaming\undetected_chromedriver\undetected_chromedriver.exe
2025-05-13 17:44:25::INFO::**********Test_04_001_Search_Customer with email started **********
2025-05-13 17:45:09::INFO::************Login completed************
2025-05-13 17:45:09::INFO::************navigating to customer search page************
2025-05-13 17:45:19::INFO::************ starting searching customer by email ************
2025-05-13 17:45:43::INFO::************Test_04_Search_customer by email test failed************
2025-05-13 17:45:52::INFO::patching driver executable C:\Users\91771\appdata\roaming\undetected_chromedriver\undetected_chromedriver.exe
2025-05-13 17:45:54::INFO::************Test_04_002_Search_Customer with name started************
2025-05-13 17:46:00::INFO::************Login completed************
2025-05-13 17:46:00::INFO::************navigating to customer search page************
2025-05-13 18:42:03::INFO::patching driver executable C:\Users\91771\appdata\roaming\undetected_chromedriver\undetected_chromedriver.exe
2025-05-13 18:42:05::INFO::***************test valid admin login started*******************
2025-05-13 18:42:19::INFO::***************dashboard text found****************
2025-05-13 18:42:39::INFO::patching driver executable C:\Users\91771\appdata\roaming\undetected_chromedriver\undetected_chromedriver.exe
2025-05-13 18:42:41::INFO::**********Test_04_001_Search_Customer with email started **********
2025-05-13 18:42:54::INFO::************Login completed************
2025-05-13 18:42:54::INFO::************navigating to customer search page************
2025-05-13 18:57:06::INFO::patching driver executable C:\Users\91771\appdata\roaming\undetected_chromedriver\undetected_chromedriver.exe
2025-05-13 18:57:08::INFO::***********Test_03_Add_New_Customer started *************
2025-05-13 18:57:18::INFO::***********Login completed *************
2025-05-13 18:57:18::INFO::***********starting add customer test *************
2025-05-13 18:57:20::INFO::***********Providing customer info started *************
2025-05-13 18:57:25::INFO::***********Test_03_Add_New_Customer test passed *************
2025-05-13 18:57:28::INFO::patching driver executable C:\Users\91771\appdata\roaming\undetected_chromedriver\undetected_chromedriver.exe
2025-05-13 18:57:30::INFO::***************test valid admin login started*******************
2025-05-13 18:58:32::INFO::***************dashboard text found****************
2025-05-13 18:58:44::INFO::patching driver executable C:\Users\91771\appdata\roaming\undetected_chromedriver\undetected_chromedriver.exe
2025-05-13 18:58:45::INFO::**********Test_04_001_Search_Customer with email started **********
2025-05-13 18:59:11::INFO::************Login completed************
2025-05-13 18:59:11::INFO::************navigating to customer search page************
2025-05-13 18:59:28::INFO::************ starting searching customer by email ************
2025-05-13 18:59:32::INFO::************Test_04_Search_customer by email test passed************
2025-05-13 19:05:53::INFO::patching driver executable C:\Users\91771\appdata\roaming\undetected_chromedriver\undetected_chromedriver.exe
2025-05-13 19:05:56::INFO::***********Test_03_Add_New_Customer started *************
2025-05-13 19:06:09::INFO::***********Login completed *************
2025-05-13 19:06:09::INFO::***********starting add customer test *************
2025-05-13 23:47:35::INFO::patching driver executable C:\Users\91771\appdata\roaming\undetected_chromedriver\undetected_chromedriver.exe
2025-05-13 23:47:37::INFO::***********Test_03_Add_New_Customer started *************
2025-05-13 23:48:39::INFO::***********Login completed *************
2025-05-13 23:48:39::INFO::***********starting add customer test *************
2025-05-13 23:48:52::INFO::***********Providing customer info started *************
2025-05-13 23:49:01::INFO::***********Test_03_Add_New_Customer test passed *************
2025-05-13 23:49:08::INFO::patching driver executable C:\Users\91771\appdata\roaming\undetected_chromedriver\undetected_chromedriver.exe
2025-05-13 23:49:10::INFO::****************Test_01_Admin_Login*******************
2025-05-13 23:49:10::INFO::****************Verification of admin login page title*******************
2025-05-13 23:49:14::INFO::**************test title verification title matched********************
2025-05-13 23:49:30::INFO::patching driver executable C:\Users\91771\appdata\roaming\undetected_chromedriver\undetected_chromedriver.exe
2025-05-13 23:49:32::INFO::***************test valid admin login started*******************
2025-05-13 23:53:31::INFO::***************dashboard text found****************
2025-05-13 23:53:49::INFO::patching driver executable C:\Users\91771\appdata\roaming\undetected_chromedriver\undetected_chromedriver.exe
2025-05-13 23:53:51::INFO::**********Test_04_001_Search_Customer with email started **********
2025-05-13 23:54:40::INFO::************Login completed************
2025-05-13 23:54:40::INFO::************navigating to customer search page************
2025-05-13 23:54:43::INFO::************ starting searching customer by email ************
2025-05-13 23:54:47::INFO::************Test_04_Search_customer by email test passed************
2025-05-13 23:54:53::INFO::patching driver executable C:\Users\91771\appdata\roaming\undetected_chromedriver\undetected_chromedriver.exe
2025-05-13 23:54:54::INFO::************Test_04_002_Search_Customer with name started************
2025-05-13 23:56:03::INFO::************Login completed************
2025-05-13 23:56:03::INFO::************navigating to customer search page************
2025-05-13 23:56:10::INFO::************ starting search customer by name************
2025-05-13 23:56:17::INFO::************Test_04_002_Search_customer by name test passed************
2025-05-13 23:56:27::INFO::patching driver executable C:\Users\91771\appdata\roaming\undetected_chromedriver\undetected_chromedriver.exe
2025-05-13 23:56:29::INFO::************Test_04_003_Search_Customer with company name started************
2025-05-14 00:18:00::INFO::patching driver executable C:\Users\91771\appdata\roaming\undetected_chromedriver\undetected_chromedriver.exe
2025-05-14 00:18:05::INFO::***********Test_03_Add_New_Customer started *************
2025-05-14 00:18:35::INFO::***********Login completed *************
2025-05-14 00:18:35::INFO::***********starting add customer test *************
2025-05-14 00:18:40::INFO::***********Providing customer info started *************
2025-05-14 00:19:58::INFO::patching driver executable C:\Users\91771\appdata\roaming\undetected_chromedriver\undetected_chromedriver.exe
2025-05-14 00:20:01::INFO::***************test valid admin login started*******************
2025-05-14 00:20:20::INFO::***************dashboard text found****************
2025-05-14 00:20:28::INFO::patching driver executable C:\Users\91771\appdata\roaming\undetected_chromedriver\undetected_chromedriver.exe
2025-05-14 00:20:30::INFO::**********Test_04_001_Search_Customer with email started **********
2025-05-14 00:20:41::INFO::************Login completed************
2025-05-14 00:20:41::INFO::************navigating to customer search page************
2025-05-14 14:43:27::INFO::patching driver executable C:\Users\91771\appdata\roaming\undetected_chromedriver\undetected_chromedriver.exe
2025-05-14 14:43:29::INFO::***********Test_03_Add_New_Customer started *************
2025-05-14 14:43:46::INFO::***********Login completed *************
2025-05-14 14:43:46::INFO::***********starting add customer test *************
2025-05-14 14:43:52::INFO::***********Providing customer info started *************
2025-05-14 14:43:55::INFO::***********Test_03_Add_New_Customer test passed *************
2025-05-14 14:59:24::INFO::patching driver executable C:\Users\91771\appdata\roaming\undetected_chromedriver\undetected_chromedriver.exe
2025-05-14 14:59:25::INFO::***************test valid admin login started*******************
2025-05-14 14:59:43::INFO::patching driver executable C:\Users\91771\appdata\roaming\undetected_chromedriver\undetected_chromedriver.exe
2025-05-14 14:59:44::INFO::****************test_invalid_admin_login_started*****************
2025-05-14 15:03:40::INFO::patching driver executable C:\Users\91771\appdata\roaming\undetected_chromedriver\undetected_chromedriver.exe
2025-05-14 15:03:41::INFO::************Test_04_002_Search_Customer with name started************
2025-05-14 15:03:56::INFO::************Login completed************
2025-05-14 15:03:56::INFO::************navigating to customer search page************
2025-05-14 15:04:28::INFO::patching driver executable C:\Users\91771\appdata\roaming\undetected_chromedriver\undetected_chromedriver.exe
2025-05-14 15:04:29::INFO::************Test_04_003_Search_Customer with company name started************
2025-05-14 15:04:38::INFO::************Login completed************
2025-05-14 15:04:38::INFO::************navigating to customer search page************
2025-05-14 15:04:38::INFO::************navigating to customer search page************
2025-05-14 17:59:31::INFO::patching driver executable C:\Users\91771\appdata\roaming\undetected_chromedriver\undetected_chromedriver.exe
2025-05-14 17:59:33::INFO::***********Test_03_Add_New_Customer started *************
2025-05-14 18:00:12::INFO::***********Login completed *************
2025-05-14 18:00:12::INFO::***********starting add customer test *************
2025-05-14 18:00:40::INFO::patching driver executable C:\Users\91771\appdata\roaming\undetected_chromedriver\undetected_chromedriver.exe
2025-05-14 18:00:41::INFO::***************test valid admin login started*******************
2025-05-14 18:01:15::INFO::patching driver executable C:\Users\91771\appdata\roaming\undetected_chromedriver\undetected_chromedriver.exe
2025-05-14 18:01:17::INFO::**********Test_04_001_Search_Customer with email started **********
2025-05-14 18:01:22::INFO::************Login completed************
2025-05-14 18:01:22::INFO::************navigating to customer search page************
2025-05-14 18:02:30::INFO::patching driver executable C:\Users\91771\appdata\roaming\undetected_chromedriver\undetected_chromedriver.exe
2025-05-14 18:02:32::INFO::***********Test_03_Add_New_Customer started *************
2025-05-14 18:02:40::INFO::***********Login completed *************
2025-05-14 18:02:40::INFO::***********starting add customer test *************
2025-05-14 18:03:10::INFO::patching driver executable C:\Users\91771\appdata\roaming\undetected_chromedriver\undetected_chromedriver.exe
2025-05-14 18:03:11::INFO::***************test valid admin login started*******************
2025-05-14 18:03:21::INFO::patching driver executable C:\Users\91771\appdata\roaming\undetected_chromedriver\undetected_chromedriver.exe
2025-05-14 18:03:22::INFO::**********Test_04_001_Search_Customer with email started **********
2025-05-14 18:03:33::INFO::************Login completed************
2025-05-14 18:03:33::INFO::************navigating to customer search page************
2025-05-14 18:05:53::INFO::patching driver executable C:\Users\91771\appdata\roaming\undetected_chromedriver\undetected_chromedriver.exe
2025-05-14 18:05:55::INFO::***********Test_03_Add_New_Customer started *************
2025-05-14 18:06:07::INFO::***********Login completed *************
2025-05-14 18:06:07::INFO::***********starting add customer test *************
2025-05-14 18:06:35::INFO::patching driver executable C:\Users\91771\appdata\roaming\undetected_chromedriver\undetected_chromedriver.exe
2025-05-14 18:06:37::INFO::***************test valid admin login started*******************
2025-05-14 18:06:44::INFO::***************dashboard text found****************
2025-05-14 18:06:49::INFO::patching driver executable C:\Users\91771\appdata\roaming\undetected_chromedriver\undetected_chromedriver.exe
2025-05-14 18:06:51::INFO::**********Test_04_001_Search_Customer with email started **********
2025-05-14 18:06:55::INFO::************Login completed************
2025-05-14 18:06:55::INFO::************navigating to customer search page************
2025-05-14 18:10:35::INFO::patching driver executable C:\Users\91771\appdata\roaming\undetected_chromedriver\undetected_chromedriver.exe
2025-05-14 18:10:36::INFO::***********Test_03_Add_New_Customer started *************
2025-05-14 18:10:48::INFO::***********Login completed *************
2025-05-14 18:10:48::INFO::***********starting add customer test *************
2025-05-14 18:11:19::INFO::patching driver executable C:\Users\91771\appdata\roaming\undetected_chromedriver\undetected_chromedriver.exe
2025-05-14 18:11:20::INFO::***************test valid admin login started*******************
2025-05-14 18:11:30::INFO::patching driver executable C:\Users\91771\appdata\roaming\undetected_chromedriver\undetected_chromedriver.exe
2025-05-14 18:11:32::INFO::**********Test_04_001_Search_Customer with email started **********
2025-05-14 18:11:36::INFO::************Login completed************
2025-05-14 18:11:36::INFO::************navigating to customer search page************
2025-05-14 18:12:29::INFO::patching driver executable C:\Users\91771\appdata\roaming\undetected_chromedriver\undetected_chromedriver.exe
2025-05-14 18:12:30::INFO::***********Test_03_Add_New_Customer started *************
2025-05-14 18:12:39::INFO::***********Login completed *************
2025-05-14 18:12:39::INFO::***********starting add customer test *************
2025-05-14 18:13:10::INFO::patching driver executable C:\Users\91771\appdata\roaming\undetected_chromedriver\undetected_chromedriver.exe
2025-05-14 18:13:12::INFO::***************test valid admin login started*******************
2025-05-14 18:18:45::INFO::patching driver executable C:\Users\91771\appdata\roaming\undetected_chromedriver\undetected_chromedriver.exe
2025-05-14 18:18:46::INFO::***********Test_03_Add_New_Customer started *************
2025-05-14 18:18:53::INFO::***********Login completed *************
2025-05-14 18:18:53::INFO::***********starting add customer test *************
2025-05-14 18:19:24::INFO::patching driver executable C:\Users\91771\appdata\roaming\undetected_chromedriver\undetected_chromedriver.exe
2025-05-14 18:19:25::INFO::***************test valid admin login started*******************
2025-05-14 18:19:33::INFO::patching driver executable C:\Users\91771\appdata\roaming\undetected_chromedriver\undetected_chromedriver.exe
2025-05-14 18:19:34::INFO::**********Test_04_001_Search_Customer with email started **********
2025-05-14 18:40:43::INFO::patching driver executable C:\Users\91771\appdata\roaming\undetected_chromedriver\undetected_chromedriver.exe
2025-05-14 18:40:45::INFO::***********Test_03_Add_New_Customer started *************
2025-05-14 18:47:29::INFO::patching driver executable C:\Users\91771\appdata\roaming\undetected_chromedriver\undetected_chromedriver.exe
2025-05-14 18:47:30::INFO::***********Test_03_Add_New_Customer started *************
2025-05-15 00:10:21::INFO::patching driver executable C:\Users\91771\appdata\roaming\undetected_chromedriver\undetected_chromedriver.exe
2025-05-15 00:10:23::INFO::***********Test_03_Add_New_Customer started *************
2025-05-15 00:10:54::INFO::***********Login completed *************
2025-05-15 00:10:54::INFO::***********starting add customer test *************
2025-05-15 00:11:20::INFO::patching driver executable C:\Users\91771\appdata\roaming\undetected_chromedriver\undetected_chromedriver.exe
2025-05-15 00:11:21::INFO::***************test valid admin login started*******************
2025-05-15 00:11:31::INFO::***************dashboard text found****************
2025-05-15 00:11:38::INFO::patching driver executable C:\Users\91771\appdata\roaming\undetected_chromedriver\undetected_chromedriver.exe
2025-05-15 00:11:39::INFO::**********Test_04_001_Search_Customer with email started **********
2025-05-15 00:11:46::INFO::************Login completed************
2025-05-15 00:11:46::INFO::************navigating to customer search page************
2025-05-15 11:58:14::INFO::patching driver executable C:\Users\91771\appdata\roaming\undetected_chromedriver\undetected_chromedriver.exe
2025-05-15 11:58:16::INFO::***********Test_03_Add_New_Customer started *************
2025-05-15 11:59:37::INFO::***********Login completed *************
2025-05-15 11:59:37::INFO::***********starting add customer test *************
2025-05-15 12:00:08::INFO::patching driver executable C:\Users\91771\appdata\roaming\undetected_chromedriver\undetected_chromedriver.exe
2025-05-15 12:00:09::INFO::****************Test_01_Admin_Login*******************
2025-05-15 12:00:09::INFO::****************Verification of admin login page title*******************
2025-05-15 12:00:13::INFO::**************test title verification title matched********************
2025-05-15 12:00:16::INFO::patching driver executable C:\Users\91771\appdata\roaming\undetected_chromedriver\undetected_chromedriver.exe
2025-05-15 12:00:18::INFO::***************test valid admin login started*******************
2025-05-15 12:00:28::INFO::***************dashboard text found****************
2025-05-15 12:00:32::INFO::patching driver executable C:\Users\91771\appdata\roaming\undetected_chromedriver\undetected_chromedriver.exe
2025-05-15 12:00:34::INFO::****************test_invalid_admin_login_started*****************
2025-05-15 12:00:38::INFO::****************invalid_login_admin_error_messages_matched*****************
2025-05-15 12:00:41::INFO::patching driver executable C:\Users\91771\appdata\roaming\undetected_chromedriver\undetected_chromedriver.exe
2025-05-15 12:00:42::INFO::***************test valid admin login started*******************
2025-05-15 12:01:55::INFO::test data is passed
2025-05-15 12:02:05::INFO::test data is passed
2025-05-15 12:02:11::INFO::test data is passed
2025-05-15 12:02:11::INFO::Test admin data driven test is Passed
2025-05-15 12:04:22::INFO::patching driver executable C:\Users\91771\appdata\roaming\undetected_chromedriver\undetected_chromedriver.exe
2025-05-15 12:04:24::INFO::**********Test_04_001_Search_Customer with email started **********
2025-05-15 12:06:36::INFO::************Login completed************
2025-05-15 12:06:36::INFO::************navigating to customer search page************
